<?xml version="1.0" encoding="UTF-8"?>
<!-- Generated by org.testng.reporters.JUnitXMLReporter -->
<testsuite hostname="antrikshsharma" ignored="0" tests="1" failures="1" timestamp="17 Aug 2019 07:09:15 GMT" time="70.882" errors="0">
  <testcase name="setup" time="70.773" classname="mvn_launchcode">
    <failure type="org.openqa.selenium.WebDriverException" message="unknown error: unable to discover open pages
Build info: version: &amp;apos;3.141.59&amp;apos;, revision: &amp;apos;e82be7d358&amp;apos;, time: &amp;apos;2018-11-14T08:17:03&amp;apos;
System info: host: &amp;apos;ANTRIKSHSHARMA&amp;apos;, ip: &amp;apos;192.168.1.5&amp;apos;, os.name: &amp;apos;Windows 7&amp;apos;, os.arch: &amp;apos;amd64&amp;apos;, os.version: &amp;apos;6.1&amp;apos;, java.version: &amp;apos;1.8.0_221&amp;apos;
Driver info: driver.version: ChromeDriver
remote stacktrace: Backtrace:
	Ordinal0 [0x00247C53+1473619]
	Ordinal0 [0x001CAD71+961905]
	Ordinal0 [0x001542B3+475827]
	Ordinal0 [0x000EF2C1+62145]
	Ordinal0 [0x000EBC77+48247]
	Ordinal0 [0x00109149+168265]
	Ordinal0 [0x00108D1D+167197]
	Ordinal0 [0x0010742B+160811]
	Ordinal0 [0x000F0AE6+68326]
	Ordinal0 [0x000F1BF0+72688]
	Ordinal0 [0x000F1B89+72585]
	Ordinal0 [0x001E4B37+1067831]
	GetHandleVerifier [0x002E6845+506677]
	GetHandleVerifier [0x002E65E0+506064]
	GetHandleVerifier [0x002ED188+533624]
	GetHandleVerifier [0x002E701A+508682]
	Ordinal0 [0x001DC226+1032742]
	Ordinal0 [0x001DC09F+1032351]
	Ordinal0 [0x001E6A4B+1075787]
	Ordinal0 [0x001E6BB3+1076147]
	Ordinal0 [0x001E5B65+1071973]
	BaseThreadInitThunk [0x7538336A+18]
	RtlInitializeExceptionChain [0x774E98F2+99]
	RtlInitializeExceptionChain [0x774E98C5+54]
">
      <![CDATA[org.openqa.selenium.WebDriverException: unknown error: unable to discover open pages
Build info: version: '3.141.59', revision: 'e82be7d358', time: '2018-11-14T08:17:03'
System info: host: 'ANTRIKSHSHARMA', ip: '192.168.1.5', os.name: 'Windows 7', os.arch: 'amd64', os.version: '6.1', java.version: '1.8.0_221'
Driver info: driver.version: ChromeDriver
remote stacktrace: Backtrace:
Ordinal0 [0x00247C53+1473619]
Ordinal0 [0x001CAD71+961905]
Ordinal0 [0x001542B3+475827]
Ordinal0 [0x000EF2C1+62145]
Ordinal0 [0x000EBC77+48247]
Ordinal0 [0x00109149+168265]
Ordinal0 [0x00108D1D+167197]
Ordinal0 [0x0010742B+160811]
Ordinal0 [0x000F0AE6+68326]
Ordinal0 [0x000F1BF0+72688]
Ordinal0 [0x000F1B89+72585]
Ordinal0 [0x001E4B37+1067831]
GetHandleVerifier [0x002E6845+506677]
GetHandleVerifier [0x002E65E0+506064]
GetHandleVerifier [0x002ED188+533624]
GetHandleVerifier [0x002E701A+508682]
Ordinal0 [0x001DC226+1032742]
Ordinal0 [0x001DC09F+1032351]
Ordinal0 [0x001E6A4B+1075787]
Ordinal0 [0x001E6BB3+1076147]
Ordinal0 [0x001E5B65+1071973]
BaseThreadInitThunk [0x7538336A+18]
RtlInitializeExceptionChain [0x774E98F2+99]
RtlInitializeExceptionChain [0x774E98C5+54]

at org.openqa.selenium.remote.W3CHandshakeResponse.lambda$errorHandler$0(W3CHandshakeResponse.java:62)
at org.openqa.selenium.remote.HandshakeResponse.lambda$getResponseFunction$0(HandshakeResponse.java:30)
at org.openqa.selenium.remote.ProtocolHandshake.lambda$createSession$0(ProtocolHandshake.java:126)
at java.util.stream.ReferencePipeline$3$1.accept(ReferencePipeline.java:193)
at java.util.Spliterators$ArraySpliterator.tryAdvance(Spliterators.java:958)
at java.util.stream.ReferencePipeline.forEachWithCancel(ReferencePipeline.java:126)
at java.util.stream.AbstractPipeline.copyIntoWithCancel(AbstractPipeline.java:499)
at java.util.stream.AbstractPipeline.copyInto(AbstractPipeline.java:486)
at java.util.stream.AbstractPipeline.wrapAndCopyInto(AbstractPipeline.java:472)
at java.util.stream.FindOps$FindOp.evaluateSequential(FindOps.java:152)
at java.util.stream.AbstractPipeline.evaluate(AbstractPipeline.java:234)
at java.util.stream.ReferencePipeline.findFirst(ReferencePipeline.java:464)
at org.openqa.selenium.remote.ProtocolHandshake.createSession(ProtocolHandshake.java:128)
at org.openqa.selenium.remote.ProtocolHandshake.createSession(ProtocolHandshake.java:74)
at org.openqa.selenium.remote.HttpCommandExecutor.execute(HttpCommandExecutor.java:136)
at org.openqa.selenium.remote.service.DriverCommandExecutor.execute(DriverCommandExecutor.java:83)
at org.openqa.selenium.remote.RemoteWebDriver.execute(RemoteWebDriver.java:552)
at org.openqa.selenium.remote.RemoteWebDriver.startSession(RemoteWebDriver.java:213)
at org.openqa.selenium.remote.RemoteWebDriver.<init>(RemoteWebDriver.java:131)
at org.openqa.selenium.chrome.ChromeDriver.<init>(ChromeDriver.java:181)
at org.openqa.selenium.chrome.ChromeDriver.<init>(ChromeDriver.java:168)
at org.openqa.selenium.chrome.ChromeDriver.<init>(ChromeDriver.java:123)
at mvn_launchcode.setup(mvn_launchcode.java:25)
... Removed 33 stack frames]]>
    </failure>
  </testcase> <!-- setup -->
</testsuite>
